****                   ADMIXTURE Version 1.3.0                  ****
****                    Copyright 2008-2015                     ****
****           David Alexander, Suyash Shringarpure,            ****
****                John  Novembre, Ken Lange                   ****
****                                                            ****
****                 Please cite our paper!                     ****
****   Information at www.genetics.ucla.edu/software/admixture  ****

Cross-validation will be performed.  Folds=5.
Random seed: 43
Point estimation method: Block relaxation algorithm
Convergence acceleration algorithm: QuasiNewton, 3 secant conditions
Point estimation will terminate when objective function delta < 0.0001
Estimation of standard errors disabled; will compute point estimates only.
Size of G: 191x14590
Performing five EM steps to prime main algorithm
1 (EM) 	Elapsed: 0.109	Loglikelihood: -2.03748e+06	(delta): 3.57546e+06
2 (EM) 	Elapsed: 0.119	Loglikelihood: -2.03748e+06	(delta): 0
3 (EM) 	Elapsed: 0.227	Loglikelihood: -2.03748e+06	(delta): 0
4 (EM) 	Elapsed: 0.083	Loglikelihood: -2.03748e+06	(delta): 0
5 (EM) 	Elapsed: 0.068	Loglikelihood: -2.03748e+06	(delta): 0
Initial loglikelihood: -2.03748e+06
Starting main algorithm
1 (QN/Block) 	Elapsed: 0.351	Loglikelihood: -2.03748e+06	(delta): 0
Summary: 
Converged in 1 iterations (1.176 sec)
Loglikelihood: -2037484.770229
CV error (K=1): 0.38371
Writing output files.
